<?xml version="1.0" encoding="UTF-8"?>
<!-- Generated by org.testng.reporters.JUnitXMLReporter -->
<testsuite ignored="1" hostname="DESKTOP-PQ40SA2" failures="0" tests="1" name="opencart test chrome" time="24.284" errors="0" timestamp="2021-06-07T08:41:12 IST">
  <testcase classname="testCases.TC_002_Login" name="test_login" time="9.95"/>
  <testcase classname="testCases.TC_001_AccountRegistration" name="test_account_registration" time="0.0">
    <ignored/>
  </testcase> <!-- test_account_registration -->
</testsuite> <!-- opencart test chrome -->
