<?xml version="1.0" encoding="UTF-8"?>
<testng-results ignored="0" total="2" passed="2" failed="0" skipped="0">
  <reporter-output>
  </reporter-output>
  <suite started-at="2021-06-07T08:39:16 IST" name="opencart suite" finished-at="2021-06-07T08:40:19 IST" duration-ms="63030">
    <groups>
      <group name="regression">
        <method signature="TC_001_AccountRegistration.test_account_registration()[pri:0, instance:testCases.TC_001_AccountRegistration@4386f16]" name="test_account_registration" class="testCases.TC_001_AccountRegistration"/>
      </group> <!-- regression -->
      <group name="sanity">
        <method signature="TC_002_Login.test_login()[pri:0, instance:testCases.TC_002_Login@363ee3a2]" name="test_login" class="testCases.TC_002_Login"/>
      </group> <!-- sanity -->
      <group name="master">
        <method signature="TC_001_AccountRegistration.test_account_registration()[pri:0, instance:testCases.TC_001_AccountRegistration@4386f16]" name="test_account_registration" class="testCases.TC_001_AccountRegistration"/>
        <method signature="TC_002_Login.test_login()[pri:0, instance:testCases.TC_002_Login@363ee3a2]" name="test_login" class="testCases.TC_002_Login"/>
      </group> <!-- master -->
    </groups>
    <test started-at="2021-06-07T08:39:16 IST" name="opencart test chrome" finished-at="2021-06-07T08:40:19 IST" duration-ms="63030">
      <class name="testCases.TC_001_AccountRegistration">
        <test-method is-config="true" signature="setup(java.lang.String)[pri:0, instance:testCases.TC_001_AccountRegistration@4386f16]" started-at="2021-06-07T08:39:17 IST" name="setup" finished-at="2021-06-07T08:39:39 IST" duration-ms="21495" status="PASS">
          <params>
            <param index="0">
              <value>
                <![CDATA[chrome]]>
              </value>
            </param>
          </params>
          <reporter-output>
          </reporter-output>
        </test-method> <!-- setup -->
        <test-method signature="test_account_registration()[pri:0, instance:testCases.TC_001_AccountRegistration@4386f16]" started-at="2021-06-07T08:39:39 IST" name="test_account_registration" finished-at="2021-06-07T08:39:54 IST" duration-ms="15810" status="PASS">
          <reporter-output>
          </reporter-output>
        </test-method> <!-- test_account_registration -->
        <test-method is-config="true" signature="teardown()[pri:0, instance:testCases.TC_001_AccountRegistration@4386f16]" started-at="2021-06-07T08:39:54 IST" name="teardown" finished-at="2021-06-07T08:39:55 IST" duration-ms="524" status="PASS">
          <reporter-output>
          </reporter-output>
        </test-method> <!-- teardown -->
      </class> <!-- testCases.TC_001_AccountRegistration -->
      <class name="testCases.TC_002_Login">
        <test-method is-config="true" signature="setup(java.lang.String)[pri:0, instance:testCases.TC_002_Login@363ee3a2]" started-at="2021-06-07T08:39:55 IST" name="setup" finished-at="2021-06-07T08:40:03 IST" duration-ms="8180" status="PASS">
          <params>
            <param index="0">
              <value>
                <![CDATA[chrome]]>
              </value>
            </param>
          </params>
          <reporter-output>
          </reporter-output>
        </test-method> <!-- setup -->
        <test-method signature="test_login()[pri:0, instance:testCases.TC_002_Login@363ee3a2]" started-at="2021-06-07T08:40:03 IST" name="test_login" finished-at="2021-06-07T08:40:18 IST" duration-ms="15189" status="PASS">
          <reporter-output>
          </reporter-output>
        </test-method> <!-- test_login -->
        <test-method is-config="true" signature="teardown()[pri:0, instance:testCases.TC_002_Login@363ee3a2]" started-at="2021-06-07T08:40:18 IST" name="teardown" finished-at="2021-06-07T08:40:19 IST" duration-ms="757" status="PASS">
          <reporter-output>
          </reporter-output>
        </test-method> <!-- teardown -->
      </class> <!-- testCases.TC_002_Login -->
    </test> <!-- opencart test chrome -->
  </suite> <!-- opencart suite -->
</testng-results>
