<?xml version="1.0" encoding="UTF-8"?>
<testng-results ignored="1" total="2" passed="1" failed="0" skipped="0">
  <reporter-output>
  </reporter-output>
  <suite started-at="2021-06-07T08:40:48 IST" name="opencart suite" finished-at="2021-06-07T08:41:12 IST" duration-ms="24284">
    <groups>
      <group name="sanity">
        <method signature="TC_002_Login.test_login()[pri:0, instance:testCases.TC_002_Login@5f058f00]" name="test_login" class="testCases.TC_002_Login"/>
      </group> <!-- sanity -->
      <group name="master">
        <method signature="TC_002_Login.test_login()[pri:0, instance:testCases.TC_002_Login@5f058f00]" name="test_login" class="testCases.TC_002_Login"/>
      </group> <!-- master -->
    </groups>
    <test started-at="2021-06-07T08:40:48 IST" name="opencart test chrome" finished-at="2021-06-07T08:41:12 IST" duration-ms="24284">
      <class name="testCases.TC_002_Login">
        <test-method is-config="true" signature="setup(java.lang.String)[pri:0, instance:testCases.TC_002_Login@5f058f00]" started-at="2021-06-07T08:40:49 IST" name="setup" finished-at="2021-06-07T08:41:01 IST" duration-ms="12174" status="PASS">
          <params>
            <param index="0">
              <value>
                <![CDATA[chrome]]>
              </value>
            </param>
          </params>
          <reporter-output>
          </reporter-output>
        </test-method> <!-- setup -->
        <test-method signature="test_login()[pri:0, instance:testCases.TC_002_Login@5f058f00]" started-at="2021-06-07T08:41:01 IST" name="test_login" finished-at="2021-06-07T08:41:11 IST" duration-ms="9950" status="PASS">
          <reporter-output>
          </reporter-output>
        </test-method> <!-- test_login -->
        <test-method is-config="true" signature="teardown()[pri:0, instance:testCases.TC_002_Login@5f058f00]" started-at="2021-06-07T08:41:11 IST" name="teardown" finished-at="2021-06-07T08:41:12 IST" duration-ms="649" status="PASS">
          <reporter-output>
          </reporter-output>
        </test-method> <!-- teardown -->
      </class> <!-- testCases.TC_002_Login -->
    </test> <!-- opencart test chrome -->
  </suite> <!-- opencart suite -->
</testng-results>
